Using pre-set license

 COMMAND LINE ARGUMENTS:
/Applications/Unity/Hub/Editor/2020.3.13f1/Unity.app/Contents/MacOS/Unity
-adb2
-batchMode
-noUpm
-name
AssetImportWorker0
-projectPath
/Users/heojihyeon/Documents/GitHub/UnityPractice/Dodge
-logFile
Logs/AssetImportWorker0.log
-srvPort
64160
Successfully changed project path to: /Users/heojihyeon/Documents/GitHub/UnityPractice/Dodge
/Users/heojihyeon/Documents/GitHub/UnityPractice/Dodge
Using Asset Import Pipeline V2.
Refreshing native plugins compatible for Editor in 23.59 ms, found 2 plugins.
Preloading 0 native plugins for Editor in 0.00 ms.
Initialize engine version: 2020.3.13f1 (71691879b7f5)
[Subsystems] Discovering subsystems at path /Applications/Unity/Hub/Editor/2020.3.13f1/Unity.app/Contents/Resources/UnitySubsystems
[Subsystems] Discovering subsystems at path /Users/heojihyeon/Documents/GitHub/UnityPractice/Dodge/Assets
GfxDevice: creating device client; threaded=0
2021-07-21 19:54:32.291 Unity[16473:761067] (null) preferred device: Apple M1 (high power)
2021-07-21 19:54:32.291 Unity[16473:761067] Metal devices available: 1
2021-07-21 19:54:32.291 Unity[16473:761067] 0: Apple M1 (high power)
2021-07-21 19:54:32.291 Unity[16473:761067] Using device Apple M1 (high power)
Initializing Metal device caps: Apple M1
Initialize mono
Mono path[0] = '/Applications/Unity/Hub/Editor/2020.3.13f1/Unity.app/Contents/Managed'
Mono path[1] = '/Applications/Unity/Hub/Editor/2020.3.13f1/Unity.app/Contents/MonoBleedingEdge/lib/mono/unityjit'
Mono config path = '/Applications/Unity/Hub/Editor/2020.3.13f1/Unity.app/Contents/MonoBleedingEdge/etc'
Using monoOptions --debugger-agent=transport=dt_socket,embedding=1,server=y,suspend=n,address=127.0.0.1:56473
Begin MonoManager ReloadAssembly
Registering precompiled unity dll's ...
Register platform support module: /Applications/Unity/Hub/Editor/2020.3.13f1/PlaybackEngines/WebGLSupport/UnityEditor.WebGL.Extensions.dll
Register platform support module: /Applications/Unity/Hub/Editor/2020.3.13f1/Unity.app/Contents/PlaybackEngines/MacStandaloneSupport/UnityEditor.OSXStandalone.Extensions.dll
Registered in 0.000573 seconds.
Native extension for OSXStandalone target not found
Native extension for WebGL target not found
Refreshing native plugins compatible for Editor in 24.07 ms, found 2 plugins.
Preloading 0 native plugins for Editor in 0.00 ms.
Mono: successfully reloaded assembly
- Completed reload, in  1.835 seconds
Platform modules already initialized, skipping
Registering precompiled user dll's ...
Registered in 0.001224 seconds.
Begin MonoManager ReloadAssembly
Native extension for OSXStandalone target not found
Native extension for WebGL target not found
Refreshing native plugins compatible for Editor in 0.26 ms, found 2 plugins.
Preloading 0 native plugins for Editor in 0.00 ms.
Mono: successfully reloaded assembly
- Completed reload, in  2.181 seconds
Platform modules already initialized, skipping
========================================================================
Worker process is ready to serve import requests
Launching external process: /Applications/Unity/Hub/Editor/2020.3.13f1/Unity.app/Contents/Tools/UnityShaderCompiler
Launched and connected shader compiler UnityShaderCompiler after 0.02 seconds
Refreshing native plugins compatible for Editor in 0.24 ms, found 2 plugins.
Preloading 0 native plugins for Editor in 0.00 ms.
Unloading 1390 Unused Serialized files (Serialized files now loaded: 0)
System memory in use before: 133.3 MB.
System memory in use after: 133.4 MB.

Unloading 19 unused Assets to reduce memory usage. Loaded Objects now: 1823.
Total: 2.003750 ms (FindLiveObjects: 0.096625 ms CreateObjectMapping: 0.025958 ms MarkObjects: 1.803875 ms  DeleteObjects: 0.075333 ms)

AssetImportParameters requested are different than current active one (requested -> active):
  custom:video-decoder-ogg-theora: a1e56fd34408186e4bbccfd4996cb3dc -> 
  custom:container-muxer-webm: aa71ff27fc2769a1b78a27578f13a17b -> 
  custom:container-demuxer-webm: 4f35f7cbe854078d1ac9338744f61a02 -> 
  custom:container-demuxer-ogg: 62fdf1f143b41e24485cea50d1cbac27 -> 
  custom:video-encoder-webm-vp8: eb34c28f22e8b96e1ab97ce403110664 -> 
  custom:framework-osx-AVFoundation: e770b220cccbd017edd2c1fefb359320 -> 
  custom:video-decoder-webm-vp8: 9c59270c3fd7afecdb556c50c9e8de78 -> 
  custom:audio-decoder-ogg-vorbis: bf7c407c2cedff20999df2af8eb42d56 -> 
  custom:audio-encoder-webm-vorbis: bf7c407c2cedff20999df2af8eb42d56 -> 
========================================================================
Received Import Request.
  path: Assets/Scenes
  artifactKey: Guid(e03fdad7e64af49a3b298136615769ad) Importer(815301076,1909f56bfc062723c751e8b465ee728b)
Start importing Assets/Scenes using Guid(e03fdad7e64af49a3b298136615769ad) Importer(815301076,1909f56bfc062723c751e8b465ee728b)  -> (artifact id: '7d20b1231231c176703ec2f9ceee5cc9') in 0.005358 seconds 
  Import took 0.007221 seconds .

========================================================================
Received Import Request.
  Time since last request: 4.265834 seconds.
  path: Assets/Dodge
  artifactKey: Guid(e03fdad7e64af49a3b298136615769ad) Importer(815301076,1909f56bfc062723c751e8b465ee728b)
Start importing Assets/Dodge using Guid(e03fdad7e64af49a3b298136615769ad) Importer(815301076,1909f56bfc062723c751e8b465ee728b)  -> (artifact id: 'd5992472c4ede2549a0af3a7f2689218') in 0.000747 seconds 
  Import took 0.002499 seconds .

========================================================================
Received Import Request.
  Time since last request: 22.003270 seconds.
  path: Assets/Dodge/SampleScene.unity
  artifactKey: Guid(9fc0d4010bbf28b4594072e72b8655ab) Importer(815301076,1909f56bfc062723c751e8b465ee728b)
Start importing Assets/Dodge/SampleScene.unity using Guid(9fc0d4010bbf28b4594072e72b8655ab) Importer(815301076,1909f56bfc062723c751e8b465ee728b)  -> (artifact id: '85059f4f9e1a832ed95adaa0d25c5c4c') in 0.012906 seconds 
  Import took 0.015218 seconds .

========================================================================
Received Import Request.
  Time since last request: 0.000558 seconds.
  path: Assets/Dodge/SampleScene.unity
  artifactKey: Guid(9fc0d4010bbf28b4594072e72b8655ab) Importer(815301076,1909f56bfc062723c751e8b465ee728b)
Start importing Assets/Dodge/SampleScene.unity using Guid(9fc0d4010bbf28b4594072e72b8655ab) Importer(815301076,1909f56bfc062723c751e8b465ee728b)  -> (artifact id: '85059f4f9e1a832ed95adaa0d25c5c4c') in 0.001204 seconds 
  Import took 0.003077 seconds .

========================================================================
Received Import Request.
  Time since last request: 20.001317 seconds.
  path: Assets/Dodge/Dodge.unity
  artifactKey: Guid(9fc0d4010bbf28b4594072e72b8655ab) Importer(815301076,1909f56bfc062723c751e8b465ee728b)
Start importing Assets/Dodge/Dodge.unity using Guid(9fc0d4010bbf28b4594072e72b8655ab) Importer(815301076,1909f56bfc062723c751e8b465ee728b)  -> (artifact id: 'b14dad18037850312e9008295585c901') in 0.001170 seconds 
  Import took 0.003475 seconds .

========================================================================
Received Import Request.
  Time since last request: 25.633027 seconds.
  path: Assets/Scene
  artifactKey: Guid(e03fdad7e64af49a3b298136615769ad) Importer(815301076,1909f56bfc062723c751e8b465ee728b)
Start importing Assets/Scene using Guid(e03fdad7e64af49a3b298136615769ad) Importer(815301076,1909f56bfc062723c751e8b465ee728b)  -> (artifact id: '96dcd205284340b02d09843ad6a4b681') in 0.000676 seconds 
  Import took 0.002709 seconds .

========================================================================
Received Import Request.
  Time since last request: 2238.463077 seconds.
  path: Assets
  artifactKey: Guid(00000000000000001000000000000000) Importer(815301076,1909f56bfc062723c751e8b465ee728b)
Start importing Assets using Guid(00000000000000001000000000000000) Importer(815301076,1909f56bfc062723c751e8b465ee728b)  -> (artifact id: '42d402b061de3733987d63b9cc3b64de') in 0.001767 seconds 
  Import took 0.006843 seconds .

========================================================================
Received Import Request.
  Time since last request: 15.838761 seconds.
  path: Assets/Resources
  artifactKey: Guid(95ccafa0af8914b9b95151c6ce34a813) Importer(815301076,1909f56bfc062723c751e8b465ee728b)
Start importing Assets/Resources using Guid(95ccafa0af8914b9b95151c6ce34a813) Importer(815301076,1909f56bfc062723c751e8b465ee728b)  -> (artifact id: 'b61dfa58285dc40e1187c8dc7f6fed1e') in 0.001281 seconds 
  Import took 0.003477 seconds .

========================================================================
Received Import Request.
  Time since last request: 26.132784 seconds.
  path: Assets/Resources/Block.prefab
  artifactKey: Guid(120b1103a06624044b48dd14abd851e4) Importer(815301076,1909f56bfc062723c751e8b465ee728b)
Start importing Assets/Resources/Block.prefab using Guid(120b1103a06624044b48dd14abd851e4) Importer(815301076,1909f56bfc062723c751e8b465ee728b)  -> (artifact id: '236e358a9e001f0d860de4f00e01c11a') in 0.910991 seconds 
  Import took 0.912994 seconds .

========================================================================
Received Import Request.
  Time since last request: 70.738769 seconds.
  path: Assets/Scripts
  artifactKey: Guid(87b701bcd527347729df0f33f1b7078c) Importer(815301076,1909f56bfc062723c751e8b465ee728b)
Start importing Assets/Scripts using Guid(87b701bcd527347729df0f33f1b7078c) Importer(815301076,1909f56bfc062723c751e8b465ee728b)  -> (artifact id: 'd6448cb370a7ad566f63765196fb354f') in 0.001325 seconds 
  Import took 0.003549 seconds .

========================================================================
Received Import Request.
  Time since last request: 18.284063 seconds.
  path: Assets/Scripts/BlockCtrl.cs
  artifactKey: Guid(336adb15550c44bd8ad813ac31bafc10) Importer(815301076,1909f56bfc062723c751e8b465ee728b)
Start importing Assets/Scripts/BlockCtrl.cs using Guid(336adb15550c44bd8ad813ac31bafc10) Importer(815301076,1909f56bfc062723c751e8b465ee728b)  -> (artifact id: '6fb5236cff3809cf5652ea187ffbcf3d') in 0.186087 seconds 
  Import took 0.188114 seconds .

========================================================================
Received Prepare
Registering precompiled user dll's ...
Registered in 0.002123 seconds.
Begin MonoManager ReloadAssembly
Native extension for OSXStandalone target not found
Native extension for WebGL target not found
Refreshing native plugins compatible for Editor in 0.28 ms, found 2 plugins.
Preloading 0 native plugins for Editor in 0.00 ms.
Mono: successfully reloaded assembly
- Completed reload, in  2.363 seconds
Platform modules already initialized, skipping
Refreshing native plugins compatible for Editor in 0.26 ms, found 2 plugins.
Preloading 0 native plugins for Editor in 0.00 ms.
Unloading 1386 Unused Serialized files (Serialized files now loaded: 0)
System memory in use before: 146.0 MB.
System memory in use after: 146.0 MB.

Unloading 15 unused Assets to reduce memory usage. Loaded Objects now: 1835.
Total: 1.386417 ms (FindLiveObjects: 0.124500 ms CreateObjectMapping: 0.027834 ms MarkObjects: 1.175750 ms  DeleteObjects: 0.057250 ms)

AssetImportParameters requested are different than current active one (requested -> active):
  custom:video-decoder-ogg-theora: a1e56fd34408186e4bbccfd4996cb3dc -> 
  custom:container-muxer-webm: aa71ff27fc2769a1b78a27578f13a17b -> 
  custom:container-demuxer-webm: 4f35f7cbe854078d1ac9338744f61a02 -> 
  custom:container-demuxer-ogg: 62fdf1f143b41e24485cea50d1cbac27 -> 
  custom:video-encoder-webm-vp8: eb34c28f22e8b96e1ab97ce403110664 -> 
  custom:framework-osx-AVFoundation: e770b220cccbd017edd2c1fefb359320 -> 
  custom:video-decoder-webm-vp8: 9c59270c3fd7afecdb556c50c9e8de78 -> 
  custom:audio-decoder-ogg-vorbis: bf7c407c2cedff20999df2af8eb42d56 -> 
  custom:audio-encoder-webm-vorbis: bf7c407c2cedff20999df2af8eb42d56 -> 
========================================================================
Received Prepare
Registering precompiled user dll's ...
Registered in 0.002098 seconds.
Begin MonoManager ReloadAssembly
Native extension for OSXStandalone target not found
Native extension for WebGL target not found
Refreshing native plugins compatible for Editor in 0.26 ms, found 2 plugins.
Preloading 0 native plugins for Editor in 0.00 ms.
Mono: successfully reloaded assembly
- Completed reload, in  2.235 seconds
Platform modules already initialized, skipping
Refreshing native plugins compatible for Editor in 0.24 ms, found 2 plugins.
Preloading 0 native plugins for Editor in 0.00 ms.
Unloading 1386 Unused Serialized files (Serialized files now loaded: 0)
System memory in use before: 146.2 MB.
System memory in use after: 146.3 MB.

Unloading 14 unused Assets to reduce memory usage. Loaded Objects now: 1838.
Total: 1.283208 ms (FindLiveObjects: 0.088667 ms CreateObjectMapping: 0.026000 ms MarkObjects: 1.116334 ms  DeleteObjects: 0.051375 ms)

AssetImportParameters requested are different than current active one (requested -> active):
  custom:video-decoder-ogg-theora: a1e56fd34408186e4bbccfd4996cb3dc -> 
  custom:container-muxer-webm: aa71ff27fc2769a1b78a27578f13a17b -> 
  custom:container-demuxer-webm: 4f35f7cbe854078d1ac9338744f61a02 -> 
  custom:container-demuxer-ogg: 62fdf1f143b41e24485cea50d1cbac27 -> 
  custom:video-encoder-webm-vp8: eb34c28f22e8b96e1ab97ce403110664 -> 
  custom:framework-osx-AVFoundation: e770b220cccbd017edd2c1fefb359320 -> 
  custom:video-decoder-webm-vp8: 9c59270c3fd7afecdb556c50c9e8de78 -> 
  custom:audio-decoder-ogg-vorbis: bf7c407c2cedff20999df2af8eb42d56 -> 
  custom:audio-encoder-webm-vorbis: bf7c407c2cedff20999df2af8eb42d56 -> 
========================================================================
Received Import Request.
  Time since last request: 159.466462 seconds.
  path: Assets/Scripts/BlockCtrl.cs
  artifactKey: Guid(336adb15550c44bd8ad813ac31bafc10) Importer(815301076,1909f56bfc062723c751e8b465ee728b)
Start importing Assets/Scripts/BlockCtrl.cs using Guid(336adb15550c44bd8ad813ac31bafc10) Importer(815301076,1909f56bfc062723c751e8b465ee728b)  -> (artifact id: '4215cff0ef7b9a9a2f1a89f13503a645') in 0.009087 seconds 
  Import took 0.010719 seconds .

========================================================================
Received Import Request.
  Time since last request: 14.154398 seconds.
  path: Assets/Resources/Block.prefab
  artifactKey: Guid(120b1103a06624044b48dd14abd851e4) Importer(815301076,1909f56bfc062723c751e8b465ee728b)
Start importing Assets/Resources/Block.prefab using Guid(120b1103a06624044b48dd14abd851e4) Importer(815301076,1909f56bfc062723c751e8b465ee728b)  -> (artifact id: '54c25698529229cd8adf03e364991227') in 0.146353 seconds 
  Import took 0.148250 seconds .

========================================================================
Received Import Request.
  Time since last request: 29.128787 seconds.
  path: Assets/Resources/Block.prefab
  artifactKey: Guid(120b1103a06624044b48dd14abd851e4) Importer(815301076,1909f56bfc062723c751e8b465ee728b)
Start importing Assets/Resources/Block.prefab using Guid(120b1103a06624044b48dd14abd851e4) Importer(815301076,1909f56bfc062723c751e8b465ee728b)  -> (artifact id: '102146c99fd9a0aaf25e1fc6683d1afa') in 0.013243 seconds 
  Import took 0.015207 seconds .

========================================================================
Received Import Request.
  Time since last request: 4.934669 seconds.
  path: Assets/Resources/Block.prefab
  artifactKey: Guid(120b1103a06624044b48dd14abd851e4) Importer(815301076,1909f56bfc062723c751e8b465ee728b)
Start importing Assets/Resources/Block.prefab using Guid(120b1103a06624044b48dd14abd851e4) Importer(815301076,1909f56bfc062723c751e8b465ee728b)  -> (artifact id: '2373697c6f36e52b5cb065034cebaff4') in 0.006340 seconds 
  Import took 0.008312 seconds .

========================================================================
Received Import Request.
  Time since last request: 32.051873 seconds.
  path: Assets/Scripts/PlayerCtrk.cs
  artifactKey: Guid(494e0e2a9916447c1afb223f51c5c9e3) Importer(815301076,1909f56bfc062723c751e8b465ee728b)
Start importing Assets/Scripts/PlayerCtrk.cs using Guid(494e0e2a9916447c1afb223f51c5c9e3) Importer(815301076,1909f56bfc062723c751e8b465ee728b)  -> (artifact id: '27c1aff10c7aebceef9a3d5a0a7d24da') in 0.001622 seconds 
  Import took 0.003597 seconds .

========================================================================
Received Import Request.
  Time since last request: 0.001097 seconds.
  path: Assets/Scripts/PlayerCtrk.cs
  artifactKey: Guid(494e0e2a9916447c1afb223f51c5c9e3) Importer(815301076,1909f56bfc062723c751e8b465ee728b)
Start importing Assets/Scripts/PlayerCtrk.cs using Guid(494e0e2a9916447c1afb223f51c5c9e3) Importer(815301076,1909f56bfc062723c751e8b465ee728b)  -> (artifact id: '27c1aff10c7aebceef9a3d5a0a7d24da') in 0.000918 seconds 
  Import took 0.002696 seconds .

========================================================================
Received Prepare
Registering precompiled user dll's ...
Registered in 0.002005 seconds.
Begin MonoManager ReloadAssembly
Native extension for OSXStandalone target not found
Native extension for WebGL target not found
Refreshing native plugins compatible for Editor in 0.26 ms, found 2 plugins.
Preloading 0 native plugins for Editor in 0.00 ms.
Mono: successfully reloaded assembly
- Completed reload, in  2.182 seconds
Platform modules already initialized, skipping
Refreshing native plugins compatible for Editor in 0.20 ms, found 2 plugins.
Preloading 0 native plugins for Editor in 0.00 ms.
Unloading 1387 Unused Serialized files (Serialized files now loaded: 0)
System memory in use before: 146.5 MB.
System memory in use after: 146.6 MB.

Unloading 15 unused Assets to reduce memory usage. Loaded Objects now: 1843.
Total: 1.236833 ms (FindLiveObjects: 0.080416 ms CreateObjectMapping: 0.026084 ms MarkObjects: 1.078875 ms  DeleteObjects: 0.050416 ms)

AssetImportParameters requested are different than current active one (requested -> active):
  custom:video-decoder-ogg-theora: a1e56fd34408186e4bbccfd4996cb3dc -> 
  custom:container-muxer-webm: aa71ff27fc2769a1b78a27578f13a17b -> 
  custom:container-demuxer-webm: 4f35f7cbe854078d1ac9338744f61a02 -> 
  custom:container-demuxer-ogg: 62fdf1f143b41e24485cea50d1cbac27 -> 
  custom:video-encoder-webm-vp8: eb34c28f22e8b96e1ab97ce403110664 -> 
  custom:framework-osx-AVFoundation: e770b220cccbd017edd2c1fefb359320 -> 
  custom:video-decoder-webm-vp8: 9c59270c3fd7afecdb556c50c9e8de78 -> 
  custom:audio-decoder-ogg-vorbis: bf7c407c2cedff20999df2af8eb42d56 -> 
  custom:audio-encoder-webm-vorbis: bf7c407c2cedff20999df2af8eb42d56 -> 
========================================================================
Received Import Request.
  Time since last request: 12.770112 seconds.
  path: Assets/Scripts/PlayerCtrl.cs
  artifactKey: Guid(494e0e2a9916447c1afb223f51c5c9e3) Importer(815301076,1909f56bfc062723c751e8b465ee728b)
Start importing Assets/Scripts/PlayerCtrl.cs using Guid(494e0e2a9916447c1afb223f51c5c9e3) Importer(815301076,1909f56bfc062723c751e8b465ee728b)  -> (artifact id: 'b8d441185450e934c715b637025e545f') in 0.005197 seconds 
  Import took 0.007192 seconds .

========================================================================
Received Prepare
Registering precompiled user dll's ...
Registered in 0.002002 seconds.
Begin MonoManager ReloadAssembly
Native extension for OSXStandalone target not found
Native extension for WebGL target not found
Refreshing native plugins compatible for Editor in 0.26 ms, found 2 plugins.
Preloading 0 native plugins for Editor in 0.00 ms.
Mono: successfully reloaded assembly
- Completed reload, in  2.186 seconds
Platform modules already initialized, skipping
Refreshing native plugins compatible for Editor in 0.20 ms, found 2 plugins.
Preloading 0 native plugins for Editor in 0.00 ms.
Unloading 1387 Unused Serialized files (Serialized files now loaded: 0)
System memory in use before: 146.7 MB.
System memory in use after: 146.8 MB.

Unloading 14 unused Assets to reduce memory usage. Loaded Objects now: 1846.
Total: 1.243083 ms (FindLiveObjects: 0.077917 ms CreateObjectMapping: 0.026000 ms MarkObjects: 1.097958 ms  DeleteObjects: 0.040416 ms)

AssetImportParameters requested are different than current active one (requested -> active):
  custom:video-decoder-ogg-theora: a1e56fd34408186e4bbccfd4996cb3dc -> 
  custom:container-muxer-webm: aa71ff27fc2769a1b78a27578f13a17b -> 
  custom:container-demuxer-webm: 4f35f7cbe854078d1ac9338744f61a02 -> 
  custom:container-demuxer-ogg: 62fdf1f143b41e24485cea50d1cbac27 -> 
  custom:video-encoder-webm-vp8: eb34c28f22e8b96e1ab97ce403110664 -> 
  custom:framework-osx-AVFoundation: e770b220cccbd017edd2c1fefb359320 -> 
  custom:video-decoder-webm-vp8: 9c59270c3fd7afecdb556c50c9e8de78 -> 
  custom:audio-decoder-ogg-vorbis: bf7c407c2cedff20999df2af8eb42d56 -> 
  custom:audio-encoder-webm-vorbis: bf7c407c2cedff20999df2af8eb42d56 -> 
========================================================================
Received Prepare
Registering precompiled user dll's ...
Registered in 0.020292 seconds.
Begin MonoManager ReloadAssembly
Native extension for OSXStandalone target not found
Native extension for WebGL target not found
Refreshing native plugins compatible for Editor in 0.27 ms, found 2 plugins.
Preloading 0 native plugins for Editor in 0.00 ms.
Mono: successfully reloaded assembly
- Completed reload, in  2.313 seconds
Platform modules already initialized, skipping
Refreshing native plugins compatible for Editor in 0.25 ms, found 2 plugins.
Preloading 0 native plugins for Editor in 0.00 ms.
Unloading 1387 Unused Serialized files (Serialized files now loaded: 0)
System memory in use before: 147.0 MB.
System memory in use after: 147.1 MB.

Unloading 14 unused Assets to reduce memory usage. Loaded Objects now: 1849.
Total: 1.300542 ms (FindLiveObjects: 0.107041 ms CreateObjectMapping: 0.026459 ms MarkObjects: 1.113375 ms  DeleteObjects: 0.052667 ms)

AssetImportParameters requested are different than current active one (requested -> active):
  custom:video-decoder-ogg-theora: a1e56fd34408186e4bbccfd4996cb3dc -> 
  custom:container-muxer-webm: aa71ff27fc2769a1b78a27578f13a17b -> 
  custom:container-demuxer-webm: 4f35f7cbe854078d1ac9338744f61a02 -> 
  custom:container-demuxer-ogg: 62fdf1f143b41e24485cea50d1cbac27 -> 
  custom:video-encoder-webm-vp8: eb34c28f22e8b96e1ab97ce403110664 -> 
  custom:framework-osx-AVFoundation: e770b220cccbd017edd2c1fefb359320 -> 
  custom:video-decoder-webm-vp8: 9c59270c3fd7afecdb556c50c9e8de78 -> 
  custom:audio-decoder-ogg-vorbis: bf7c407c2cedff20999df2af8eb42d56 -> 
  custom:audio-encoder-webm-vorbis: bf7c407c2cedff20999df2af8eb42d56 -> 
========================================================================
Received Import Request.
  Time since last request: 988.039508 seconds.
  path: Assets/Scripts/PlayerCtrl.cs
  artifactKey: Guid(494e0e2a9916447c1afb223f51c5c9e3) Importer(815301076,1909f56bfc062723c751e8b465ee728b)
Start importing Assets/Scripts/PlayerCtrl.cs using Guid(494e0e2a9916447c1afb223f51c5c9e3) Importer(815301076,1909f56bfc062723c751e8b465ee728b)  -> (artifact id: '1fb7d6567f6f04a0c4b69bf19bbe2b03') in 0.005781 seconds 
  Import took 0.007586 seconds .

========================================================================
Received Import Request.
  Time since last request: 154.297465 seconds.
  path: ProjectSettings/TagManager.asset
  artifactKey: Guid(00000000000000003000000000000000) Importer(815301076,1909f56bfc062723c751e8b465ee728b)
Start importing ProjectSettings/TagManager.asset using Guid(00000000000000003000000000000000) Importer(815301076,1909f56bfc062723c751e8b465ee728b)  -> (artifact id: 'ce6a35c3cddc746e7501c0bd0ed6d4ce') in 0.219578 seconds 
  Import took 0.221768 seconds .

========================================================================
Received Import Request.
  Time since last request: 21.233607 seconds.
  path: ProjectSettings/TagManager.asset
  artifactKey: Guid(00000000000000003000000000000000) Importer(815301076,1909f56bfc062723c751e8b465ee728b)
Start importing ProjectSettings/TagManager.asset using Guid(00000000000000003000000000000000) Importer(815301076,1909f56bfc062723c751e8b465ee728b)  -> (artifact id: 'fbc1be420b0ad616c43b14a3010ee4f8') in 0.003269 seconds 
  Import took 0.005388 seconds .

========================================================================
Received Import Request.
  Time since last request: 16.580358 seconds.
  path: Assets/Resources/Block.prefab
  artifactKey: Guid(120b1103a06624044b48dd14abd851e4) Importer(815301076,1909f56bfc062723c751e8b465ee728b)
Start importing Assets/Resources/Block.prefab using Guid(120b1103a06624044b48dd14abd851e4) Importer(815301076,1909f56bfc062723c751e8b465ee728b)  -> (artifact id: '4ebc45869e8e308475c4f8f4222a10a2') in 0.135855 seconds 
  Import took 0.137858 seconds .

========================================================================
Received Import Request.
  Time since last request: 63.102636 seconds.
  path: Assets/Resources/Block.prefab
  artifactKey: Guid(120b1103a06624044b48dd14abd851e4) Importer(815301076,1909f56bfc062723c751e8b465ee728b)
Start importing Assets/Resources/Block.prefab using Guid(120b1103a06624044b48dd14abd851e4) Importer(815301076,1909f56bfc062723c751e8b465ee728b)  -> (artifact id: 'd9bbfddc187738933ad6aea018f0c975') in 0.014182 seconds 
  Import took 0.016437 seconds .

========================================================================
Received Prepare
Registering precompiled user dll's ...
Registered in 0.001879 seconds.
Begin MonoManager ReloadAssembly
Native extension for OSXStandalone target not found
Native extension for WebGL target not found
Refreshing native plugins compatible for Editor in 0.28 ms, found 2 plugins.
Preloading 0 native plugins for Editor in 0.00 ms.
Mono: successfully reloaded assembly
- Completed reload, in  2.229 seconds
Platform modules already initialized, skipping
Refreshing native plugins compatible for Editor in 0.19 ms, found 2 plugins.
Preloading 0 native plugins for Editor in 0.00 ms.
Unloading 1388 Unused Serialized files (Serialized files now loaded: 0)
System memory in use before: 151.5 MB.
System memory in use after: 151.6 MB.

Unloading 17 unused Assets to reduce memory usage. Loaded Objects now: 1854.
Total: 1.233083 ms (FindLiveObjects: 0.076542 ms CreateObjectMapping: 0.026125 ms MarkObjects: 1.073916 ms  DeleteObjects: 0.055792 ms)

AssetImportParameters requested are different than current active one (requested -> active):
  custom:video-decoder-ogg-theora: a1e56fd34408186e4bbccfd4996cb3dc -> 
  custom:container-muxer-webm: aa71ff27fc2769a1b78a27578f13a17b -> 
  custom:container-demuxer-webm: 4f35f7cbe854078d1ac9338744f61a02 -> 
  custom:container-demuxer-ogg: 62fdf1f143b41e24485cea50d1cbac27 -> 
  custom:video-encoder-webm-vp8: eb34c28f22e8b96e1ab97ce403110664 -> 
  custom:framework-osx-AVFoundation: e770b220cccbd017edd2c1fefb359320 -> 
  custom:video-decoder-webm-vp8: 9c59270c3fd7afecdb556c50c9e8de78 -> 
  custom:audio-decoder-ogg-vorbis: bf7c407c2cedff20999df2af8eb42d56 -> 
  custom:audio-encoder-webm-vorbis: bf7c407c2cedff20999df2af8eb42d56 -> 
========================================================================
Received Import Request.
  Time since last request: 27.250021 seconds.
  path: Assets/Scripts/NewBehaviourScript.cs
  artifactKey: Guid(b843d1877db944810bc8aaf61a4d2684) Importer(815301076,1909f56bfc062723c751e8b465ee728b)
Start importing Assets/Scripts/NewBehaviourScript.cs using Guid(b843d1877db944810bc8aaf61a4d2684) Importer(815301076,1909f56bfc062723c751e8b465ee728b)  -> (artifact id: 'a03a4266ab5a3860b0ee4bd65326fcf3') in 0.007213 seconds 
  Import took 0.008821 seconds .

========================================================================
Received Prepare
Registering precompiled user dll's ...
Registered in 0.002110 seconds.
Begin MonoManager ReloadAssembly
Native extension for OSXStandalone target not found
Native extension for WebGL target not found
Refreshing native plugins compatible for Editor in 0.30 ms, found 2 plugins.
Preloading 0 native plugins for Editor in 0.00 ms.
Mono: successfully reloaded assembly
- Completed reload, in  2.186 seconds
Platform modules already initialized, skipping
Refreshing native plugins compatible for Editor in 0.18 ms, found 2 plugins.
Preloading 0 native plugins for Editor in 0.00 ms.
Unloading 1387 Unused Serialized files (Serialized files now loaded: 0)
System memory in use before: 151.6 MB.
System memory in use after: 151.7 MB.

Unloading 15 unused Assets to reduce memory usage. Loaded Objects now: 1856.
Total: 1.234583 ms (FindLiveObjects: 0.080792 ms CreateObjectMapping: 0.026000 ms MarkObjects: 1.085334 ms  DeleteObjects: 0.041667 ms)

AssetImportParameters requested are different than current active one (requested -> active):
  custom:video-decoder-ogg-theora: a1e56fd34408186e4bbccfd4996cb3dc -> 
  custom:container-muxer-webm: aa71ff27fc2769a1b78a27578f13a17b -> 
  custom:container-demuxer-webm: 4f35f7cbe854078d1ac9338744f61a02 -> 
  custom:container-demuxer-ogg: 62fdf1f143b41e24485cea50d1cbac27 -> 
  custom:video-encoder-webm-vp8: eb34c28f22e8b96e1ab97ce403110664 -> 
  custom:framework-osx-AVFoundation: e770b220cccbd017edd2c1fefb359320 -> 
  custom:video-decoder-webm-vp8: 9c59270c3fd7afecdb556c50c9e8de78 -> 
  custom:audio-decoder-ogg-vorbis: bf7c407c2cedff20999df2af8eb42d56 -> 
  custom:audio-encoder-webm-vorbis: bf7c407c2cedff20999df2af8eb42d56 -> 
========================================================================
Received Import Request.
  Time since last request: 28.149797 seconds.
  path: Assets/Scripts/BlockManager.cs
  artifactKey: Guid(00f1963f1959f4b3a9e9af4cde4790f4) Importer(815301076,1909f56bfc062723c751e8b465ee728b)
Start importing Assets/Scripts/BlockManager.cs using Guid(00f1963f1959f4b3a9e9af4cde4790f4) Importer(815301076,1909f56bfc062723c751e8b465ee728b)  -> (artifact id: '1931ac188282d6db4588bc47b68ffb00') in 0.007826 seconds 
  Import took 0.009795 seconds .

========================================================================
Received Import Request.
  Time since last request: 0.006583 seconds.
  path: Assets/Scripts/BlockManager.cs
  artifactKey: Guid(00f1963f1959f4b3a9e9af4cde4790f4) Importer(815301076,1909f56bfc062723c751e8b465ee728b)
Start importing Assets/Scripts/BlockManager.cs using Guid(00f1963f1959f4b3a9e9af4cde4790f4) Importer(815301076,1909f56bfc062723c751e8b465ee728b)  -> (artifact id: '1931ac188282d6db4588bc47b68ffb00') in 0.003021 seconds 
  Import took 0.005126 seconds .

========================================================================
Received Prepare
Registering precompiled user dll's ...
Registered in 0.035977 seconds.
Begin MonoManager ReloadAssembly
Native extension for OSXStandalone target not found
Native extension for WebGL target not found
Refreshing native plugins compatible for Editor in 0.27 ms, found 2 plugins.
Preloading 0 native plugins for Editor in 0.00 ms.
Mono: successfully reloaded assembly
- Completed reload, in  2.346 seconds
Platform modules already initialized, skipping
Refreshing native plugins compatible for Editor in 0.33 ms, found 2 plugins.
Preloading 0 native plugins for Editor in 0.00 ms.
Unloading 1388 Unused Serialized files (Serialized files now loaded: 0)
System memory in use before: 151.8 MB.
System memory in use after: 151.9 MB.

Unloading 14 unused Assets to reduce memory usage. Loaded Objects now: 1860.
Total: 1.455791 ms (FindLiveObjects: 0.105333 ms CreateObjectMapping: 0.027792 ms MarkObjects: 1.259042 ms  DeleteObjects: 0.062875 ms)

AssetImportParameters requested are different than current active one (requested -> active):
  custom:video-decoder-ogg-theora: a1e56fd34408186e4bbccfd4996cb3dc -> 
  custom:container-muxer-webm: aa71ff27fc2769a1b78a27578f13a17b -> 
  custom:container-demuxer-webm: 4f35f7cbe854078d1ac9338744f61a02 -> 
  custom:container-demuxer-ogg: 62fdf1f143b41e24485cea50d1cbac27 -> 
  custom:video-encoder-webm-vp8: eb34c28f22e8b96e1ab97ce403110664 -> 
  custom:framework-osx-AVFoundation: e770b220cccbd017edd2c1fefb359320 -> 
  custom:video-decoder-webm-vp8: 9c59270c3fd7afecdb556c50c9e8de78 -> 
  custom:audio-decoder-ogg-vorbis: bf7c407c2cedff20999df2af8eb42d56 -> 
  custom:audio-encoder-webm-vorbis: bf7c407c2cedff20999df2af8eb42d56 -> 
========================================================================
Received Prepare
Registering precompiled user dll's ...
Registered in 0.002285 seconds.
Begin MonoManager ReloadAssembly
Native extension for OSXStandalone target not found
Native extension for WebGL target not found
Refreshing native plugins compatible for Editor in 0.27 ms, found 2 plugins.
Preloading 0 native plugins for Editor in 0.00 ms.
Mono: successfully reloaded assembly
- Completed reload, in  2.251 seconds
Platform modules already initialized, skipping
Refreshing native plugins compatible for Editor in 0.24 ms, found 2 plugins.
Preloading 0 native plugins for Editor in 0.00 ms.
Unloading 1388 Unused Serialized files (Serialized files now loaded: 0)
System memory in use before: 152.1 MB.
System memory in use after: 152.1 MB.

Unloading 14 unused Assets to reduce memory usage. Loaded Objects now: 1863.
Total: 1.336083 ms (FindLiveObjects: 0.116500 ms CreateObjectMapping: 0.027750 ms MarkObjects: 1.134417 ms  DeleteObjects: 0.056458 ms)

AssetImportParameters requested are different than current active one (requested -> active):
  custom:video-decoder-ogg-theora: a1e56fd34408186e4bbccfd4996cb3dc -> 
  custom:container-muxer-webm: aa71ff27fc2769a1b78a27578f13a17b -> 
  custom:container-demuxer-webm: 4f35f7cbe854078d1ac9338744f61a02 -> 
  custom:container-demuxer-ogg: 62fdf1f143b41e24485cea50d1cbac27 -> 
  custom:video-encoder-webm-vp8: eb34c28f22e8b96e1ab97ce403110664 -> 
  custom:framework-osx-AVFoundation: e770b220cccbd017edd2c1fefb359320 -> 
  custom:video-decoder-webm-vp8: 9c59270c3fd7afecdb556c50c9e8de78 -> 
  custom:audio-decoder-ogg-vorbis: bf7c407c2cedff20999df2af8eb42d56 -> 
  custom:audio-encoder-webm-vorbis: bf7c407c2cedff20999df2af8eb42d56 -> 
========================================================================
Received Import Request.
  Time since last request: 345.777060 seconds.
  path: Assets/Scripts/BlockManager.cs
  artifactKey: Guid(00f1963f1959f4b3a9e9af4cde4790f4) Importer(815301076,1909f56bfc062723c751e8b465ee728b)
Start importing Assets/Scripts/BlockManager.cs using Guid(00f1963f1959f4b3a9e9af4cde4790f4) Importer(815301076,1909f56bfc062723c751e8b465ee728b)  -> (artifact id: '966ca03d66f88db6cba78eeb95670e5c') in 0.010084 seconds 
  Import took 0.011886 seconds .

========================================================================
Received Prepare
Registering precompiled user dll's ...
Registered in 0.001770 seconds.
Begin MonoManager ReloadAssembly
Native extension for OSXStandalone target not found
Native extension for WebGL target not found
Refreshing native plugins compatible for Editor in 0.26 ms, found 2 plugins.
Preloading 0 native plugins for Editor in 0.00 ms.
Mono: successfully reloaded assembly
- Completed reload, in  2.241 seconds
Platform modules already initialized, skipping
Refreshing native plugins compatible for Editor in 0.23 ms, found 2 plugins.
Preloading 0 native plugins for Editor in 0.00 ms.
Unloading 1388 Unused Serialized files (Serialized files now loaded: 0)
System memory in use before: 152.2 MB.
System memory in use after: 152.3 MB.

Unloading 14 unused Assets to reduce memory usage. Loaded Objects now: 1866.
Total: 1.263459 ms (FindLiveObjects: 0.082625 ms CreateObjectMapping: 0.026667 ms MarkObjects: 1.107667 ms  DeleteObjects: 0.045792 ms)

AssetImportParameters requested are different than current active one (requested -> active):
  custom:video-decoder-ogg-theora: a1e56fd34408186e4bbccfd4996cb3dc -> 
  custom:container-muxer-webm: aa71ff27fc2769a1b78a27578f13a17b -> 
  custom:container-demuxer-webm: 4f35f7cbe854078d1ac9338744f61a02 -> 
  custom:container-demuxer-ogg: 62fdf1f143b41e24485cea50d1cbac27 -> 
  custom:video-encoder-webm-vp8: eb34c28f22e8b96e1ab97ce403110664 -> 
  custom:framework-osx-AVFoundation: e770b220cccbd017edd2c1fefb359320 -> 
  custom:video-decoder-webm-vp8: 9c59270c3fd7afecdb556c50c9e8de78 -> 
  custom:audio-decoder-ogg-vorbis: bf7c407c2cedff20999df2af8eb42d56 -> 
  custom:audio-encoder-webm-vorbis: bf7c407c2cedff20999df2af8eb42d56 -> 
========================================================================
Received Import Request.
  Time since last request: 242.769784 seconds.
  path: Assets/Scripts/PlayerCtrl.cs
  artifactKey: Guid(494e0e2a9916447c1afb223f51c5c9e3) Importer(815301076,1909f56bfc062723c751e8b465ee728b)
Start importing Assets/Scripts/PlayerCtrl.cs using Guid(494e0e2a9916447c1afb223f51c5c9e3) Importer(815301076,1909f56bfc062723c751e8b465ee728b)  -> (artifact id: '7468a6e825b2c8e11572caf16ef30800') in 0.006389 seconds 
  Import took 0.007965 seconds .

